background/build/intermediates/manifest_merge_blame_file/release/processReleaseManifest/manifest-merger-blame-release-report.txt
1<?xml version="1.0" encoding="utf-8"?>
2<manifest xmlns:android="http://schemas.android.com/apk/res/android"
3    xmlns:tools="http://schemas.android.com/tools"
4    package="com.bes2.background" >
5
6    <uses-sdk android:minSdkVersion="24" />
7
8    <uses-permission android:name="android.permission.FOREGROUND_SERVICE" />
8-->src\main\AndroidManifest.xml:5:5-77
8-->src\main\AndroidManifest.xml:5:22-74
9    <uses-permission android:name="android.permission.FOREGROUND_SERVICE_DATA_SYNC" />
9-->src\main\AndroidManifest.xml:6:5-87
9-->src\main\AndroidManifest.xml:6:22-84
10    <uses-permission android:name="android.permission.POST_NOTIFICATIONS" />
10-->src\main\AndroidManifest.xml:7:5-76
10-->src\main\AndroidManifest.xml:7:22-74
11
12    <application>
12-->src\main\AndroidManifest.xml:9:5-24:19
13        <service
13-->src\main\AndroidManifest.xml:10:9-13:55
14            android:name="com.bes2.background.service.MediaDetectionService"
14-->src\main\AndroidManifest.xml:11:13-58
15            android:exported="false"
15-->src\main\AndroidManifest.xml:12:13-37
16            android:foregroundServiceType="dataSync" />
16-->src\main\AndroidManifest.xml:13:13-53
17
18        <!--
19        [REMOVED] This declaration was conflicting with the one in the main app module.
20        The app module's manifest will be the single source of truth for this service.
21        <service
22            android:name="androidx.work.impl.foreground.SystemForegroundService"
23            android:foregroundServiceType="dataSync"
24            tools:node="replace" />
25        -->
26
27    </application>
28
29</manifest>